<?xml version="1.0" encoding="UTF-8"?>
<!-- Generated by org.testng.reporters.JUnitReportReporter -->
<testsuite hostname="sdcit001mac" name="REXSH.REXAUTO.AppTestEditProfileEducation" tests="1" failures="0" timestamp="17 Jun 2016 03:55:57 GMT" time="231.956" errors="0">
  <testcase name="addEducationAllnoDate_r" time="231.956" classname="REXSH.REXAUTO.AppTestEditProfileEducation"/>
</testsuite> <!-- REXSH.REXAUTO.AppTestEditProfileEducation -->
