<?xml version="1.0" encoding="UTF-8"?>
<!-- Generated by org.testng.reporters.JUnitReportReporter -->
<testsuite hostname="sdcit001mac" name="REXSH.REXAUTO.AppTestAccount" tests="3" failures="0" timestamp="17 Jun 2016 03:55:57 GMT" time="227.276" errors="0">
  <testcase name="accountPSW" time="76.764" classname="REXSH.REXAUTO.AppTestAccount"/>
  <testcase name="accountDel" time="72.637" classname="REXSH.REXAUTO.AppTestAccount"/>
  <testcase name="accountPSW" time="77.875" classname="REXSH.REXAUTO.AppTestAccount"/>
</testsuite> <!-- REXSH.REXAUTO.AppTestAccount -->
